[{"check3Test" : {"Log":"check3Test\nFailed(Exception) : org.openqa.selenium.NoSuchElementException: An element could not be located on the page using the given search parameters. (WARNING: The server did not provide any stacktrace information)\nCommand duration or timeout: 779 milliseconds\nFor documentation on this error, please visit: http://seleniumhq.org/exceptions/no_such_element.html\nBuild info: version: '2.48.2', revision: '41bccdd10cf2c0560f637404c2d96164b67d9d67', time: '2015-10-09 13:08:06'\nSystem info: host: 'hwanghueonuiMBP', ip: '192.168.43.54', os.name: 'Mac OS X', os.arch: 'x86_64', os.version: '10.10.4', java.version: '1.7.0_79'\n*** Element info: {Using=id, value=com.facebook.katana:id/login_login}\nSession ID: e58a5e64-43ff-4bc9-a9d8-03a17bccf6f6\nDriver info: io.appium.heeseon.android.AndroidDriver\nCapabilities [{platform=LINUX, app=/Users/hwangheeseon/Documents/workspace3/AppiumDemo/apps/com.facebook.katana_50.0.0.10.54-16053538_minAPI15.apk, javascriptEnabled=true, browserName=Android, networkConnectionEnabled=true, desired={app=/Users/hwangheeseon/Documents/workspace3/AppiumDemo/apps/com.facebook.katana_50.0.0.10.54-16053538_minAPI15.apk, platformName=Android, deviceName=Android, device=Android}, locationContextEnabled=false, platformVersion=5.0, databaseEnabled=false, platformName=Android, deviceName=192.168.57.101:5555, webStorageEnabled=false, device=Android, warnings={}, takesScreenshot=true}]\nFailed(Message) : An element could not be located on the page using the given search parameters. (WARNING: The server did not provide any stacktrace information)\nCommand duration or timeout: 779 milliseconds\nFor documentation on this error, please visit: http://seleniumhq.org/exceptions/no_such_element.html\nBuild info: version: '2.48.2', revision: '41bccdd10cf2c0560f637404c2d96164b67d9d67', time: '2015-10-09 13:08:06'\nSystem info: host: 'hwanghueonuiMBP', ip: '192.168.43.54', os.name: 'Mac OS X', os.arch: 'x86_64', os.version: '10.10.4', java.version: '1.7.0_79'\n*** Element info: {Using=id, value=com.facebook.katana:id/login_login}\nSession ID: e58a5e64-43ff-4bc9-a9d8-03a17bccf6f6\nDriver info: io.appium.heeseon.android.AndroidDriver\nCapabilities [{platform=LINUX, app=/Users/hwangheeseon/Documents/workspace3/AppiumDemo/apps/com.facebook.katana_50.0.0.10.54-16053538_minAPI15.apk, javascriptEnabled=true, browserName=Android, networkConnectionEnabled=true, desired={app=/Users/hwangheeseon/Documents/workspace3/AppiumDemo/apps/com.facebook.katana_50.0.0.10.54-16053538_minAPI15.apk, platformName=Android, deviceName=Android, device=Android}, locationContextEnabled=false, platformVersion=5.0, databaseEnabled=false, platformName=Android, deviceName=192.168.57.101:5555, webStorageEnabled=false, device=Android, warnings={}, takesScreenshot=true}]\nFailed(Trace) : org.openqa.selenium.NoSuchElementException: An element could not be located on the page using the given search parameters. (WARNING: The server did not provide any stacktrace information)\nCommand duration or timeout: 779 milliseconds\nFor documentation on this error, please visit: http://seleniumhq.org/exceptions/no_such_element.html\nBuild info: version: '2.48.2', revision: '41bccdd10cf2c0560f637404c2d96164b67d9d67', time: '2015-10-09 13:08:06'\nSystem info: host: 'hwanghueonuiMBP', ip: '192.168.43.54', os.name: 'Mac OS X', os.arch: 'x86_64', os.version: '10.10.4', java.version: '1.7.0_79'\n*** Element info: {Using=id, value=com.facebook.katana:id/login_login}\nSession ID: e58a5e64-43ff-4bc9-a9d8-03a17bccf6f6\nDriver info: io.appium.heeseon.android.AndroidDriver\nCapabilities [{platform=LINUX, app=/Users/hwangheeseon/Documents/workspace3/AppiumDemo/apps/com.facebook.katana_50.0.0.10.54-16053538_minAPI15.apk, javascriptEnabled=true, browserName=Android, networkConnectionEnabled=true, desired={app=/Users/hwangheeseon/Documents/workspace3/AppiumDemo/apps/com.facebook.katana_50.0.0.10.54-16053538_minAPI15.apk, platformName=Android, deviceName=Android, device=Android}, locationContextEnabled=false, platformVersion=5.0, databaseEnabled=false, platformName=Android, deviceName=192.168.57.101:5555, webStorageEnabled=false, device=Android, warnings={}, takesScreenshot=true}]\n\tat sun.reflect.NativeConstructorAccessorImpl.newInstance0(Native Method)\n\tat sun.reflect.NativeConstructorAccessorImpl.newInstance(NativeConstructorAccessorImpl.java:57)\n\tat sun.reflect.DelegatingConstructorAccessorImpl.newInstance(DelegatingConstructorAccessorImpl.java:45)\n\tat java.lang.reflect.Constructor.newInstance(Constructor.java:526)\n\tat org.openqa.selenium.remote.ErrorHandler.createThrowable(ErrorHandler.java:206)\n\tat org.openqa.selenium.remote.ErrorHandler.throwIfResponseFailed(ErrorHandler.java:158)\n\tat org.openqa.selenium.remote.RemoteWebDriver.execute(RemoteWebDriver.java:647)\n\tat io.appium.heeseon.DefaultGenericMobileDriver.execute(DefaultGenericMobileDriver.java:42)\n\tat io.appium.heeseon.AppiumDriver.execute(AppiumDriver.java:57)\n\tat org.openqa.selenium.remote.RemoteWebDriver.findElement(RemoteWebDriver.java:353)\n\tat org.openqa.selenium.remote.RemoteWebDriver.findElementById(RemoteWebDriver.java:403)\n\tat io.appium.heeseon.DefaultGenericMobileDriver.findElementById(DefaultGenericMobileDriver.java:62)\n\tat io.appium.heeseon.AppiumDriver.findElementById(AppiumDriver.java:57)\n\tat org.openqa.selenium.By$ById.findElement(By.java:218)\n\tat org.openqa.selenium.remote.RemoteWebDriver.findElement(RemoteWebDriver.java:345)\n\tat io.appium.heeseon.DefaultGenericMobileDriver.findElement(DefaultGenericMobileDriver.java:52)\n\tat io.appium.heeseon.AppiumDriver.findElement(AppiumDriver.java:57)\n\tat urqa.io.AppiumDemoWithJenkins.LoginScreen.checkScreen(LoginScreen.java:28)\n\tat urqa.io.AppiumDemoWithJenkins.FacebookTest.check3Test(FacebookTest.java:130)\n\tat sun.reflect.NativeMethodAccessorImpl.invoke0(Native Method)\n\tat sun.reflect.NativeMethodAccessorImpl.invoke(NativeMethodAccessorImpl.java:57)\n\tat sun.reflect.DelegatingMethodAccessorImpl.invoke(DelegatingMethodAccessorImpl.java:43)\n\tat java.lang.reflect.Method.invoke(Method.java:606)\n\tat org.junit.runners.model.FrameworkMethod$1.runReflectiveCall(FrameworkMethod.java:50)\n\tat org.junit.internal.runners.model.ReflectiveCallable.run(ReflectiveCallable.java:12)\n\tat org.junit.runners.model.FrameworkMethod.invokeExplosively(FrameworkMethod.java:47)\n\tat org.junit.internal.runners.statements.InvokeMethod.evaluate(InvokeMethod.java:17)\n\tat org.junit.internal.runners.statements.RunBefores.evaluate(RunBefores.java:26)\n\tat org.junit.internal.runners.statements.RunAfters.evaluate(RunAfters.java:27)\n\tat org.junit.runners.ParentRunner.runLeaf(ParentRunner.java:325)\n\tat org.junit.runners.BlockJUnit4ClassRunner.runChild(BlockJUnit4ClassRunner.java:78)\n\tat org.junit.runners.BlockJUnit4ClassRunner.runChild(BlockJUnit4ClassRunner.java:57)\n\tat org.junit.runners.ParentRunner$3.run(ParentRunner.java:290)\n\tat org.junit.runners.ParentRunner$1.schedule(ParentRunner.java:71)\n\tat org.junit.runners.ParentRunner.runChildren(ParentRunner.java:288)\n\tat org.junit.runners.ParentRunner.access$000(ParentRunner.java:58)\n\tat org.junit.runners.ParentRunner$2.evaluate(ParentRunner.java:268)\n\tat org.junit.internal.runners.statements.RunBefores.evaluate(RunBefores.java:26)\n\tat org.junit.internal.runners.statements.RunAfters.evaluate(RunAfters.java:27)\n\tat org.junit.runners.ParentRunner.run(ParentRunner.java:363)\n\tat urqa.io.AppiumDemoWithJenkins.UrQARunner.run(UrQARunner.java:33)\n\tat org.eclipse.jdt.internal.junit4.runner.JUnit4TestReference.run(JUnit4TestReference.java:50)\n\tat org.eclipse.jdt.internal.junit.runner.TestExecution.run(TestExecution.java:38)\n\tat org.eclipse.jdt.internal.junit.runner.RemoteTestRunner.runTests(RemoteTestRunner.java:459)\n\tat org.eclipse.jdt.internal.junit.runner.RemoteTestRunner.runTests(RemoteTestRunner.java:675)\n\tat org.eclipse.jdt.internal.junit.runner.RemoteTestRunner.run(RemoteTestRunner.java:382)\n\tat org.eclipse.jdt.internal.junit.runner.RemoteTestRunner.main(RemoteTestRunner.java:192)\n","Result":"FAIL","Duration":25}}]