[{"check1Test" : {"Log":"","Result":"PASS","Duration":29}},{"check2Test" : {"Log":"","Result":"PASS","Duration":0}},{"check3Test" : {"Log":"","Result":"PASS","Duration":14}},{"check4Test" : {"Log":"","Result":"PASS","Duration":115}},{"check5Test" : {"Log":"","Result":"PASS","Duration":3}},{"check6Test" : {"Log":"","Result":"PASS","Duration":2}},{"check7Test" : {"Log":"","Result":"PASS","Duration":131}},{"check8Test" : {"Log":"","Result":"PASS","Duration":5}},{"check9Test" : {"Log":"","Result":"PASS","Duration":5}},{"check10Test" : {"Log":"","Result":"PASS","Duration":101}},{"check11Test" : {"Log":"","Result":"PASS","Duration":17}},{"check12Test" : {"Log":"","Result":"PASS","Duration":17}},{"check13Test" : {"Log":"","Result":"PASS","Duration":253}},{"check14Test" : {"Log":"","Result":"PASS","Duration":17}},{"check15Test" : {"Log":"","Result":"PASS","Duration":17}},{"check16Test" : {"Log":"","Result":"PASS","Duration":155}},{"check17Test" : {"Log":"check17Test\nFailed(Exception) : org.openqa.selenium.NoSuchElementException: An element could not be located on the page using the given search parameters. (WARNING: The server did not provide any stacktrace information)\nCommand duration or timeout: 47 milliseconds\nFor documentation on this error, please visit: http://seleniumhq.org/exceptions/no_such_element.html\nBuild info: version: '2.52.0', revision: '4c2593cfc3689a7fcd7be52549167e5ccc93ad28', time: '2016-02-11 11:22:43'\nSystem info: host: 'hwanghueonuiMBP', ip: '192.168.43.54', os.name: 'Mac OS X', os.arch: 'x86_64', os.version: '10.10.4', java.version: '1.8.0_45'\nDriver info: io.appium.heeseon.android.AndroidDriver\nCapabilities [{app=/Users/hwangheeseon/Documents/workspace3/AppiumDemo/apps/com.facebook.katana_50.0.0.10.54-16053538_minAPI15.apk, networkConnectionEnabled=true, warnings={}, databaseEnabled=false, deviceName=192.168.57.101:5555, platform=LINUX, desired={app=/Users/hwangheeseon/Documents/workspace3/AppiumDemo/apps/com.facebook.katana_50.0.0.10.54-16053538_minAPI15.apk, newCommandTimeout=300, platformName=Android, device=Android, deviceName=Android}, newCommandTimeout=300, platformVersion=6.0, webStorageEnabled=false, locationContextEnabled=false, browserName=Android, takesScreenshot=true, javascriptEnabled=true, platformName=Android, device=Android}]\nSession ID: 99d8bf9e-41dd-46aa-9966-5adf80b1dcdc\n*** Element info: {Using=id, value=com.facebook.katana:id/new_stories_button}\nFailed(Message) : An element could not be located on the page using the given search parameters. (WARNING: The server did not provide any stacktrace information)\nCommand duration or timeout: 47 milliseconds\nFor documentation on this error, please visit: http://seleniumhq.org/exceptions/no_such_element.html\nBuild info: version: '2.52.0', revision: '4c2593cfc3689a7fcd7be52549167e5ccc93ad28', time: '2016-02-11 11:22:43'\nSystem info: host: 'hwanghueonuiMBP', ip: '192.168.43.54', os.name: 'Mac OS X', os.arch: 'x86_64', os.version: '10.10.4', java.version: '1.8.0_45'\nDriver info: io.appium.heeseon.android.AndroidDriver\nCapabilities [{app=/Users/hwangheeseon/Documents/workspace3/AppiumDemo/apps/com.facebook.katana_50.0.0.10.54-16053538_minAPI15.apk, networkConnectionEnabled=true, warnings={}, databaseEnabled=false, deviceName=192.168.57.101:5555, platform=LINUX, desired={app=/Users/hwangheeseon/Documents/workspace3/AppiumDemo/apps/com.facebook.katana_50.0.0.10.54-16053538_minAPI15.apk, newCommandTimeout=300, platformName=Android, device=Android, deviceName=Android}, newCommandTimeout=300, platformVersion=6.0, webStorageEnabled=false, locationContextEnabled=false, browserName=Android, takesScreenshot=true, javascriptEnabled=true, platformName=Android, device=Android}]\nSession ID: 99d8bf9e-41dd-46aa-9966-5adf80b1dcdc\n*** Element info: {Using=id, value=com.facebook.katana:id/new_stories_button}\nFailed(Trace) : org.openqa.selenium.NoSuchElementException: An element could not be located on the page using the given search parameters. (WARNING: The server did not provide any stacktrace information)\nCommand duration or timeout: 47 milliseconds\nFor documentation on this error, please visit: http://seleniumhq.org/exceptions/no_such_element.html\nBuild info: version: '2.52.0', revision: '4c2593cfc3689a7fcd7be52549167e5ccc93ad28', time: '2016-02-11 11:22:43'\nSystem info: host: 'hwanghueonuiMBP', ip: '192.168.43.54', os.name: 'Mac OS X', os.arch: 'x86_64', os.version: '10.10.4', java.version: '1.8.0_45'\nDriver info: io.appium.heeseon.android.AndroidDriver\nCapabilities [{app=/Users/hwangheeseon/Documents/workspace3/AppiumDemo/apps/com.facebook.katana_50.0.0.10.54-16053538_minAPI15.apk, networkConnectionEnabled=true, warnings={}, databaseEnabled=false, deviceName=192.168.57.101:5555, platform=LINUX, desired={app=/Users/hwangheeseon/Documents/workspace3/AppiumDemo/apps/com.facebook.katana_50.0.0.10.54-16053538_minAPI15.apk, newCommandTimeout=300, platformName=Android, device=Android, deviceName=Android}, newCommandTimeout=300, platformVersion=6.0, webStorageEnabled=false, locationContextEnabled=false, browserName=Android, takesScreenshot=true, javascriptEnabled=true, platformName=Android, device=Android}]\nSession ID: 99d8bf9e-41dd-46aa-9966-5adf80b1dcdc\n*** Element info: {Using=id, value=com.facebook.katana:id/new_stories_button}\n\tat sun.reflect.GeneratedConstructorAccessor8.newInstance(Unknown Source)\n\tat sun.reflect.DelegatingConstructorAccessorImpl.newInstance(DelegatingConstructorAccessorImpl.java:45)\n\tat java.lang.reflect.Constructor.newInstance(Constructor.java:422)\n\tat org.openqa.selenium.remote.ErrorHandler.createThrowable(ErrorHandler.java:206)\n\tat org.openqa.selenium.remote.ErrorHandler.throwIfResponseFailed(ErrorHandler.java:158)\n\tat org.openqa.selenium.remote.RemoteWebDriver.execute(RemoteWebDriver.java:678)\n\tat io.appium.heeseon.DefaultGenericMobileDriver.execute(DefaultGenericMobileDriver.java:42)\n\tat io.appium.heeseon.AppiumDriver.execute(AppiumDriver.java:57)\n\tat org.openqa.selenium.remote.RemoteWebDriver.findElement(RemoteWebDriver.java:363)\n\tat org.openqa.selenium.remote.RemoteWebDriver.findElementById(RemoteWebDriver.java:413)\n\tat io.appium.heeseon.DefaultGenericMobileDriver.findElementById(DefaultGenericMobileDriver.java:62)\n\tat io.appium.heeseon.AppiumDriver.findElementById(AppiumDriver.java:57)\n\tat org.openqa.selenium.By$ById.findElement(By.java:218)\n\tat org.openqa.selenium.remote.RemoteWebDriver.findElement(RemoteWebDriver.java:355)\n\tat io.appium.heeseon.DefaultGenericMobileDriver.findElement(DefaultGenericMobileDriver.java:52)\n\tat io.appium.heeseon.AppiumDriver.findElement(AppiumDriver.java:57)\n\tat urqa.io.AppiumDemoWithJenkins.NewsFeedScreen.displayNewStories(NewsFeedScreen.java:157)\n\tat urqa.io.AppiumDemoWithJenkins.FacebookTest.check17Test(FacebookTest.java:604)\n\tat sun.reflect.NativeMethodAccessorImpl.invoke0(Native Method)\n\tat sun.reflect.NativeMethodAccessorImpl.invoke(NativeMethodAccessorImpl.java:62)\n\tat sun.reflect.DelegatingMethodAccessorImpl.invoke(DelegatingMethodAccessorImpl.java:43)\n\tat java.lang.reflect.Method.invoke(Method.java:497)\n\tat org.junit.runners.model.FrameworkMethod$1.runReflectiveCall(FrameworkMethod.java:50)\n\tat org.junit.internal.runners.model.ReflectiveCallable.run(ReflectiveCallable.java:12)\n\tat org.junit.runners.model.FrameworkMethod.invokeExplosively(FrameworkMethod.java:47)\n\tat org.junit.internal.runners.statements.InvokeMethod.evaluate(InvokeMethod.java:17)\n\tat org.junit.internal.runners.statements.RunBefores.evaluate(RunBefores.java:26)\n\tat org.junit.internal.runners.statements.RunAfters.evaluate(RunAfters.java:27)\n\tat org.junit.runners.ParentRunner.runLeaf(ParentRunner.java:325)\n\tat org.junit.runners.BlockJUnit4ClassRunner.runChild(BlockJUnit4ClassRunner.java:78)\n\tat org.junit.runners.BlockJUnit4ClassRunner.runChild(BlockJUnit4ClassRunner.java:57)\n\tat org.junit.runners.ParentRunner$3.run(ParentRunner.java:290)\n\tat org.junit.runners.ParentRunner$1.schedule(ParentRunner.java:71)\n\tat org.junit.runners.ParentRunner.runChildren(ParentRunner.java:288)\n\tat org.junit.runners.ParentRunner.access$000(ParentRunner.java:58)\n\tat org.junit.runners.ParentRunner$2.evaluate(ParentRunner.java:268)\n\tat org.junit.internal.runners.statements.RunBefores.evaluate(RunBefores.java:26)\n\tat org.junit.internal.runners.statements.RunAfters.evaluate(RunAfters.java:27)\n\tat org.junit.runners.ParentRunner.run(ParentRunner.java:363)\n\tat urqa.io.AppiumDemoWithJenkins.UrQARunner.run(UrQARunner.java:29)\n\tat org.apache.maven.surefire.junit4.JUnit4Provider.execute(JUnit4Provider.java:367)\n\tat org.apache.maven.surefire.junit4.JUnit4Provider.executeWithRerun(JUnit4Provider.java:274)\n\tat org.apache.maven.surefire.junit4.JUnit4Provider.executeTestSet(JUnit4Provider.java:238)\n\tat org.apache.maven.surefire.junit4.JUnit4Provider.invoke(JUnit4Provider.java:161)\n\tat org.apache.maven.surefire.booter.ForkedBooter.invokeProviderInSameClassLoader(ForkedBooter.java:290)\n\tat org.apache.maven.surefire.booter.ForkedBooter.runSuitesInProcess(ForkedBooter.java:242)\n\tat org.apache.maven.surefire.booter.ForkedBooter.main(ForkedBooter.java:121)\n","Result":"FAIL","Duration":0}}]